{"numFailedTestSuites":0,"numFailedTests":0,"numPassedTestSuites":2,"numPassedTests":2,"numPendingTestSuites":0,"numPendingTests":0,"numRuntimeErrorTestSuites":0,"numTodoTests":0,"numTotalTestSuites":2,"numTotalTests":2,"openHandles":[],"snapshot":{"added":0,"didUpdate":false,"failure":false,"filesAdded":0,"filesRemoved":0,"filesRemovedList":[],"filesUnmatched":0,"filesUpdated":0,"matched":2,"total":2,"unchecked":0,"uncheckedKeysByFile":[],"unmatched":0,"updated":0},"startTime":1570632466692,"success":true,"testResults":[{"assertionResults":[{"ancestorTitles":[],"failureMessages":[],"fullName":"renders correctly","location":null,"status":"passed","title":"renders correctly"}],"endTime":1570632468980,"message":"","name":"/Users/jonjandoc/Sites/persist/src/components/Button/Button.test.js","startTime":1570632467910,"status":"passed","summary":""},{"assertionResults":[{"ancestorTitles":[],"failureMessages":[],"fullName":"renders correctly","location":null,"status":"passed","title":"renders correctly"}],"endTime":1570632469718,"message":"","name":"/Users/jonjandoc/Sites/persist/src/components/HeroCard/HeroCard.test.js","startTime":1570632468881,"status":"passed","summary":""}],"wasInterrupted":false}