{"numFailedTestSuites":2,"numFailedTests":2,"numPassedTestSuites":1,"numPassedTests":1,"numPendingTestSuites":0,"numPendingTests":0,"numRuntimeErrorTestSuites":0,"numTodoTests":0,"numTotalTestSuites":3,"numTotalTests":3,"openHandles":[],"snapshot":{"added":1,"didUpdate":false,"failure":true,"filesAdded":1,"filesRemoved":0,"filesRemovedList":[],"filesUnmatched":2,"filesUpdated":0,"matched":0,"total":3,"unchecked":0,"uncheckedKeysByFile":[],"unmatched":2,"updated":0},"startTime":1571278152930,"success":false,"testResults":[{"assertionResults":[{"ancestorTitles":[],"failureMessages":["Error: \u001b[2mexpect(\u001b[22m\u001b[31mreceived\u001b[39m\u001b[2m).\u001b[22mtoMatchSnapshot\u001b[2m()\u001b[22m\n\nSnapshot name: `renders correctly 1`\n\n\u001b[32m- Snapshot\u001b[39m\n\u001b[31m+ Received\u001b[39m\n\n\u001b[33m@@ -40,11 +40,11 @@\u001b[39m\n\u001b[2m    border-radius: 0;\u001b[22m\n\u001b[2m    color: #fff;\u001b[22m\n\u001b[2m    cursor: pointer;\u001b[22m\n\u001b[2m    display: inline-block;\u001b[22m\n\u001b[2m    font-family: 'Ringside Compressed A','Ringside Compressed B','Helvetica',sans-serif;\u001b[22m\n\u001b[32m-   font-size: 32px;\u001b[39m\n\u001b[31m+   font-size: 26px;\u001b[39m\n\u001b[2m    line-height: 1;\u001b[22m\n\u001b[2m    margin: auto;\u001b[22m\n\u001b[2m    max-width: 1150px;\u001b[22m\n\u001b[2m    padding: 4px 16px;\u001b[22m\n\u001b[2m    -webkit-text-decoration: none;\u001b[22m\n\u001b[33m@@ -73,11 +73,11 @@\u001b[39m\n\u001b[2m    border-radius: 0;\u001b[22m\n\u001b[2m    color: #fff;\u001b[22m\n\u001b[2m    cursor: pointer;\u001b[22m\n\u001b[2m    display: inline-block;\u001b[22m\n\u001b[2m    font-family: 'Ringside Compressed A','Ringside Compressed B','Helvetica',sans-serif;\u001b[22m\n\u001b[32m-   font-size: 32px;\u001b[39m\n\u001b[31m+   font-size: 26px;\u001b[39m\n\u001b[2m    line-height: 1;\u001b[22m\n\u001b[2m    margin: auto;\u001b[22m\n\u001b[2m    max-width: 1150px;\u001b[22m\n\u001b[2m    padding: 4px 16px 8px;\u001b[22m\n\u001b[2m    -webkit-text-decoration: none;\u001b[22m\n\u001b[33m@@ -139,11 +139,11 @@\u001b[39m\n\u001b[2m    border-radius: 0;\u001b[22m\n\u001b[2m    color: #fff;\u001b[22m\n\u001b[2m    cursor: pointer;\u001b[22m\n\u001b[2m    display: inline-block;\u001b[22m\n\u001b[2m    font-family: 'Ringside Compressed A','Ringside Compressed B','Helvetica',sans-serif;\u001b[22m\n\u001b[32m-   font-size: 32px;\u001b[39m\n\u001b[31m+   font-size: 26px;\u001b[39m\n\u001b[2m    line-height: 1;\u001b[22m\n\u001b[2m    margin: auto;\u001b[22m\n\u001b[2m    max-width: 1150px;\u001b[22m\n\u001b[2m    padding: 4px 16px;\u001b[22m\n\u001b[2m    -webkit-text-decoration: none;\u001b[22m\n\u001b[33m@@ -172,11 +172,11 @@\u001b[39m\n\u001b[2m    border-radius: 0;\u001b[22m\n\u001b[2m    color: #fff;\u001b[22m\n\u001b[2m    cursor: pointer;\u001b[22m\n\u001b[2m    display: inline-block;\u001b[22m\n\u001b[2m    font-family: 'Ringside Compressed A','Ringside Compressed B','Helvetica',sans-serif;\u001b[22m\n\u001b[32m-   font-size: 32px;\u001b[39m\n\u001b[31m+   font-size: 26px;\u001b[39m\n\u001b[2m    line-height: 1;\u001b[22m\n\u001b[2m    margin: auto;\u001b[22m\n\u001b[2m    max-width: 1150px;\u001b[22m\n\u001b[2m    padding: 4px 16px 8px;\u001b[22m\n\u001b[2m    -webkit-text-decoration: none;\u001b[22m\n\u001b[33m@@ -238,11 +238,11 @@\u001b[39m\n\u001b[2m    border-radius: 0;\u001b[22m\n\u001b[2m    color: #232444;\u001b[22m\n\u001b[2m    cursor: pointer;\u001b[22m\n\u001b[2m    display: inline-block;\u001b[22m\n\u001b[2m    font-family: 'Ringside Compressed A','Ringside Compressed B','Helvetica',sans-serif;\u001b[22m\n\u001b[32m-   font-size: 32px;\u001b[39m\n\u001b[31m+   font-size: 26px;\u001b[39m\n\u001b[2m    line-height: 1;\u001b[22m\n\u001b[2m    margin: auto;\u001b[22m\n\u001b[2m    max-width: 1150px;\u001b[22m\n\u001b[2m    padding: 4px 16px;\u001b[22m\n\u001b[2m    -webkit-text-decoration: none;\u001b[22m\n\u001b[33m@@ -271,11 +271,11 @@\u001b[39m\n\u001b[2m    border-radius: 0;\u001b[22m\n\u001b[2m    color: #232444;\u001b[22m\n\u001b[2m    cursor: pointer;\u001b[22m\n\u001b[2m    display: inline-block;\u001b[22m\n\u001b[2m    font-family: 'Ringside Compressed A','Ringside Compressed B','Helvetica',sans-serif;\u001b[22m\n\u001b[32m-   font-size: 32px;\u001b[39m\n\u001b[31m+   font-size: 26px;\u001b[39m\n\u001b[2m    line-height: 1;\u001b[22m\n\u001b[2m    margin: auto;\u001b[22m\n\u001b[2m    max-width: 1150px;\u001b[22m\n\u001b[2m    padding: 4px 16px 8px;\u001b[22m\n\u001b[2m    -webkit-text-decoration: none;\u001b[22m\n\u001b[33m@@ -337,11 +337,11 @@\u001b[39m\n\u001b[2m    border-radius: 0;\u001b[22m\n\u001b[2m    color: #232444;\u001b[22m\n\u001b[2m    cursor: pointer;\u001b[22m\n\u001b[2m    display: inline-block;\u001b[22m\n\u001b[2m    font-family: 'Ringside Compressed A','Ringside Compressed B','Helvetica',sans-serif;\u001b[22m\n\u001b[32m-   font-size: 32px;\u001b[39m\n\u001b[31m+   font-size: 26px;\u001b[39m\n\u001b[2m    line-height: 1;\u001b[22m\n\u001b[2m    margin: auto;\u001b[22m\n\u001b[2m    max-width: 1150px;\u001b[22m\n\u001b[2m    padding: 4px 16px;\u001b[22m\n\u001b[2m    -webkit-text-decoration: none;\u001b[22m\n\u001b[33m@@ -370,11 +370,11 @@\u001b[39m\n\u001b[2m    border-radius: 0;\u001b[22m\n\u001b[2m    color: #232444;\u001b[22m\n\u001b[2m    cursor: pointer;\u001b[22m\n\u001b[2m    display: inline-block;\u001b[22m\n\u001b[2m    font-family: 'Ringside Compressed A','Ringside Compressed B','Helvetica',sans-serif;\u001b[22m\n\u001b[32m-   font-size: 32px;\u001b[39m\n\u001b[31m+   font-size: 26px;\u001b[39m\n\u001b[2m    line-height: 1;\u001b[22m\n\u001b[2m    margin: auto;\u001b[22m\n\u001b[2m    max-width: 1150px;\u001b[22m\n\u001b[2m    padding: 4px 16px 8px;\u001b[22m\n\u001b[2m    -webkit-text-decoration: none;\u001b[22m\n\u001b[33m@@ -436,11 +436,11 @@\u001b[39m\n\u001b[2m    border-radius: 0;\u001b[22m\n\u001b[2m    color: #232444;\u001b[22m\n\u001b[2m    cursor: pointer;\u001b[22m\n\u001b[2m    display: inline-block;\u001b[22m\n\u001b[2m    font-family: 'Ringside Compressed A','Ringside Compressed B','Helvetica',sans-serif;\u001b[22m\n\u001b[32m-   font-size: 32px;\u001b[39m\n\u001b[31m+   font-size: 26px;\u001b[39m\n\u001b[2m    line-height: 1;\u001b[22m\n\u001b[2m    margin: auto;\u001b[22m\n\u001b[2m    max-width: 1150px;\u001b[22m\n\u001b[2m    padding: 4px 16px;\u001b[22m\n\u001b[2m    -webkit-text-decoration: none;\u001b[22m\n\u001b[33m@@ -469,11 +469,11 @@\u001b[39m\n\u001b[2m    border-radius: 0;\u001b[22m\n\u001b[2m    color: #232444;\u001b[22m\n\u001b[2m    cursor: pointer;\u001b[22m\n\u001b[2m    display: inline-block;\u001b[22m\n\u001b[2m    font-family: 'Ringside Compressed A','Ringside Compressed B','Helvetica',sans-serif;\u001b[22m\n\u001b[32m-   font-size: 32px;\u001b[39m\n\u001b[31m+   font-size: 26px;\u001b[39m\n\u001b[2m    line-height: 1;\u001b[22m\n\u001b[2m    margin: auto;\u001b[22m\n\u001b[2m    max-width: 1150px;\u001b[22m\n\u001b[2m    padding: 4px 16px 8px;\u001b[22m\n\u001b[2m    -webkit-text-decoration: none;\u001b[22m\n\u001b[33m@@ -493,35 +493,35 @@\u001b[39m\n\u001b[2m    color: #fff;\u001b[22m\n\u001b[2m  }\u001b[22m\n\u001b[2m  \u001b[22m\n\u001b[2m  @media (min-width:768px) {\u001b[22m\n\u001b[2m    .c2 {\u001b[22m\n\u001b[32m-     font-size: 42px;\u001b[39m\n\u001b[31m+     font-size: 36px;\u001b[39m\n\u001b[2m    }\u001b[22m\n\u001b[2m  }\u001b[22m\n\u001b[2m  \u001b[22m\n\u001b[2m  @media (min-width:768px) {\u001b[22m\n\u001b[2m    .c5 {\u001b[22m\n\u001b[32m-     font-size: 42px;\u001b[39m\n\u001b[31m+     font-size: 36px;\u001b[39m\n\u001b[2m    }\u001b[22m\n\u001b[2m  }\u001b[22m\n\u001b[2m  \u001b[22m\n\u001b[2m  @media (min-width:768px) {\u001b[22m\n\u001b[2m    .c8 {\u001b[22m\n\u001b[32m-     font-size: 42px;\u001b[39m\n\u001b[31m+     font-size: 36px;\u001b[39m\n\u001b[2m    }\u001b[22m\n\u001b[2m  }\u001b[22m\n\u001b[2m  \u001b[22m\n\u001b[2m  @media (min-width:768px) {\u001b[22m\n\u001b[2m    .c11 {\u001b[22m\n\u001b[32m-     font-size: 42px;\u001b[39m\n\u001b[31m+     font-size: 36px;\u001b[39m\n\u001b[2m    }\u001b[22m\n\u001b[2m  }\u001b[22m\n\u001b[2m  \u001b[22m\n\u001b[2m  @media (min-width:768px) {\u001b[22m\n\u001b[2m    .c14 {\u001b[22m\n\u001b[32m-     font-size: 42px;\u001b[39m\n\u001b[31m+     font-size: 36px;\u001b[39m\n\u001b[2m    }\u001b[22m\n\u001b[2m  }\u001b[22m\n\u001b[2m  \u001b[22m\n\u001b[2m  <div>\u001b[22m\n\u001b[2m    <div>\u001b[22m\n    at Object.toMatchSnapshot (/Users/jonjandoc/Sites/persist/src/components/Button/Button.test.js:23:16)\n    at Object.asyncJestTest (/Users/jonjandoc/Sites/persist/node_modules/jest-jasmine2/build/jasmineAsyncInstall.js:102:37)\n    at resolve (/Users/jonjandoc/Sites/persist/node_modules/jest-jasmine2/build/queueRunner.js:43:12)\n    at new Promise (<anonymous>)\n    at mapper (/Users/jonjandoc/Sites/persist/node_modules/jest-jasmine2/build/queueRunner.js:26:19)\n    at promise.then (/Users/jonjandoc/Sites/persist/node_modules/jest-jasmine2/build/queueRunner.js:73:41)\n    at process._tickCallback (internal/process/next_tick.js:68:7)"],"fullName":"renders correctly","location":null,"status":"failed","title":"renders correctly"}],"endTime":1571278160339,"message":"\u001b[1m\u001b[31m  \u001b[1m● \u001b[1mrenders correctly\u001b[39m\u001b[22m\n\n    \u001b[2mexpect(\u001b[22m\u001b[31mreceived\u001b[39m\u001b[2m).\u001b[22mtoMatchSnapshot\u001b[2m()\u001b[22m\n\n    Snapshot name: `renders correctly 1`\n\n    \u001b[32m- Snapshot\u001b[39m\n    \u001b[31m+ Received\u001b[39m\n\n    \u001b[33m@@ -40,11 +40,11 @@\u001b[39m\n    \u001b[2m    border-radius: 0;\u001b[22m\n    \u001b[2m    color: #fff;\u001b[22m\n    \u001b[2m    cursor: pointer;\u001b[22m\n    \u001b[2m    display: inline-block;\u001b[22m\n    \u001b[2m    font-family: 'Ringside Compressed A','Ringside Compressed B','Helvetica',sans-serif;\u001b[22m\n    \u001b[32m-   font-size: 32px;\u001b[39m\n    \u001b[31m+   font-size: 26px;\u001b[39m\n    \u001b[2m    line-height: 1;\u001b[22m\n    \u001b[2m    margin: auto;\u001b[22m\n    \u001b[2m    max-width: 1150px;\u001b[22m\n    \u001b[2m    padding: 4px 16px;\u001b[22m\n    \u001b[2m    -webkit-text-decoration: none;\u001b[22m\n    \u001b[33m@@ -73,11 +73,11 @@\u001b[39m\n    \u001b[2m    border-radius: 0;\u001b[22m\n    \u001b[2m    color: #fff;\u001b[22m\n    \u001b[2m    cursor: pointer;\u001b[22m\n    \u001b[2m    display: inline-block;\u001b[22m\n    \u001b[2m    font-family: 'Ringside Compressed A','Ringside Compressed B','Helvetica',sans-serif;\u001b[22m\n    \u001b[32m-   font-size: 32px;\u001b[39m\n    \u001b[31m+   font-size: 26px;\u001b[39m\n    \u001b[2m    line-height: 1;\u001b[22m\n    \u001b[2m    margin: auto;\u001b[22m\n    \u001b[2m    max-width: 1150px;\u001b[22m\n    \u001b[2m    padding: 4px 16px 8px;\u001b[22m\n    \u001b[2m    -webkit-text-decoration: none;\u001b[22m\n    \u001b[33m@@ -139,11 +139,11 @@\u001b[39m\n    \u001b[2m    border-radius: 0;\u001b[22m\n    \u001b[2m    color: #fff;\u001b[22m\n    \u001b[2m    cursor: pointer;\u001b[22m\n    \u001b[2m    display: inline-block;\u001b[22m\n    \u001b[2m    font-family: 'Ringside Compressed A','Ringside Compressed B','Helvetica',sans-serif;\u001b[22m\n    \u001b[32m-   font-size: 32px;\u001b[39m\n    \u001b[31m+   font-size: 26px;\u001b[39m\n    \u001b[2m    line-height: 1;\u001b[22m\n    \u001b[2m    margin: auto;\u001b[22m\n    \u001b[2m    max-width: 1150px;\u001b[22m\n    \u001b[2m    padding: 4px 16px;\u001b[22m\n    \u001b[2m    -webkit-text-decoration: none;\u001b[22m\n    \u001b[33m@@ -172,11 +172,11 @@\u001b[39m\n    \u001b[2m    border-radius: 0;\u001b[22m\n    \u001b[2m    color: #fff;\u001b[22m\n    \u001b[2m    cursor: pointer;\u001b[22m\n    \u001b[2m    display: inline-block;\u001b[22m\n    \u001b[2m    font-family: 'Ringside Compressed A','Ringside Compressed B','Helvetica',sans-serif;\u001b[22m\n    \u001b[32m-   font-size: 32px;\u001b[39m\n    \u001b[31m+   font-size: 26px;\u001b[39m\n    \u001b[2m    line-height: 1;\u001b[22m\n    \u001b[2m    margin: auto;\u001b[22m\n    \u001b[2m    max-width: 1150px;\u001b[22m\n    \u001b[2m    padding: 4px 16px 8px;\u001b[22m\n    \u001b[2m    -webkit-text-decoration: none;\u001b[22m\n    \u001b[33m@@ -238,11 +238,11 @@\u001b[39m\n    \u001b[2m    border-radius: 0;\u001b[22m\n    \u001b[2m    color: #232444;\u001b[22m\n    \u001b[2m    cursor: pointer;\u001b[22m\n    \u001b[2m    display: inline-block;\u001b[22m\n    \u001b[2m    font-family: 'Ringside Compressed A','Ringside Compressed B','Helvetica',sans-serif;\u001b[22m\n    \u001b[32m-   font-size: 32px;\u001b[39m\n    \u001b[31m+   font-size: 26px;\u001b[39m\n    \u001b[2m    line-height: 1;\u001b[22m\n    \u001b[2m    margin: auto;\u001b[22m\n    \u001b[2m    max-width: 1150px;\u001b[22m\n    \u001b[2m    padding: 4px 16px;\u001b[22m\n    \u001b[2m    -webkit-text-decoration: none;\u001b[22m\n    \u001b[33m@@ -271,11 +271,11 @@\u001b[39m\n    \u001b[2m    border-radius: 0;\u001b[22m\n    \u001b[2m    color: #232444;\u001b[22m\n    \u001b[2m    cursor: pointer;\u001b[22m\n    \u001b[2m    display: inline-block;\u001b[22m\n    \u001b[2m    font-family: 'Ringside Compressed A','Ringside Compressed B','Helvetica',sans-serif;\u001b[22m\n    \u001b[32m-   font-size: 32px;\u001b[39m\n    \u001b[31m+   font-size: 26px;\u001b[39m\n    \u001b[2m    line-height: 1;\u001b[22m\n    \u001b[2m    margin: auto;\u001b[22m\n    \u001b[2m    max-width: 1150px;\u001b[22m\n    \u001b[2m    padding: 4px 16px 8px;\u001b[22m\n    \u001b[2m    -webkit-text-decoration: none;\u001b[22m\n    \u001b[33m@@ -337,11 +337,11 @@\u001b[39m\n    \u001b[2m    border-radius: 0;\u001b[22m\n    \u001b[2m    color: #232444;\u001b[22m\n    \u001b[2m    cursor: pointer;\u001b[22m\n    \u001b[2m    display: inline-block;\u001b[22m\n    \u001b[2m    font-family: 'Ringside Compressed A','Ringside Compressed B','Helvetica',sans-serif;\u001b[22m\n    \u001b[32m-   font-size: 32px;\u001b[39m\n    \u001b[31m+   font-size: 26px;\u001b[39m\n    \u001b[2m    line-height: 1;\u001b[22m\n    \u001b[2m    margin: auto;\u001b[22m\n    \u001b[2m    max-width: 1150px;\u001b[22m\n    \u001b[2m    padding: 4px 16px;\u001b[22m\n    \u001b[2m    -webkit-text-decoration: none;\u001b[22m\n    \u001b[33m@@ -370,11 +370,11 @@\u001b[39m\n    \u001b[2m    border-radius: 0;\u001b[22m\n    \u001b[2m    color: #232444;\u001b[22m\n    \u001b[2m    cursor: pointer;\u001b[22m\n    \u001b[2m    display: inline-block;\u001b[22m\n    \u001b[2m    font-family: 'Ringside Compressed A','Ringside Compressed B','Helvetica',sans-serif;\u001b[22m\n    \u001b[32m-   font-size: 32px;\u001b[39m\n    \u001b[31m+   font-size: 26px;\u001b[39m\n    \u001b[2m    line-height: 1;\u001b[22m\n    \u001b[2m    margin: auto;\u001b[22m\n    \u001b[2m    max-width: 1150px;\u001b[22m\n    \u001b[2m    padding: 4px 16px 8px;\u001b[22m\n    \u001b[2m    -webkit-text-decoration: none;\u001b[22m\n    \u001b[33m@@ -436,11 +436,11 @@\u001b[39m\n    \u001b[2m    border-radius: 0;\u001b[22m\n    \u001b[2m    color: #232444;\u001b[22m\n    \u001b[2m    cursor: pointer;\u001b[22m\n    \u001b[2m    display: inline-block;\u001b[22m\n    \u001b[2m    font-family: 'Ringside Compressed A','Ringside Compressed B','Helvetica',sans-serif;\u001b[22m\n    \u001b[32m-   font-size: 32px;\u001b[39m\n    \u001b[31m+   font-size: 26px;\u001b[39m\n    \u001b[2m    line-height: 1;\u001b[22m\n    \u001b[2m    margin: auto;\u001b[22m\n    \u001b[2m    max-width: 1150px;\u001b[22m\n    \u001b[2m    padding: 4px 16px;\u001b[22m\n    \u001b[2m    -webkit-text-decoration: none;\u001b[22m\n    \u001b[33m@@ -469,11 +469,11 @@\u001b[39m\n    \u001b[2m    border-radius: 0;\u001b[22m\n    \u001b[2m    color: #232444;\u001b[22m\n    \u001b[2m    cursor: pointer;\u001b[22m\n    \u001b[2m    display: inline-block;\u001b[22m\n    \u001b[2m    font-family: 'Ringside Compressed A','Ringside Compressed B','Helvetica',sans-serif;\u001b[22m\n    \u001b[32m-   font-size: 32px;\u001b[39m\n    \u001b[31m+   font-size: 26px;\u001b[39m\n    \u001b[2m    line-height: 1;\u001b[22m\n    \u001b[2m    margin: auto;\u001b[22m\n    \u001b[2m    max-width: 1150px;\u001b[22m\n    \u001b[2m    padding: 4px 16px 8px;\u001b[22m\n    \u001b[2m    -webkit-text-decoration: none;\u001b[22m\n    \u001b[33m@@ -493,35 +493,35 @@\u001b[39m\n    \u001b[2m    color: #fff;\u001b[22m\n    \u001b[2m  }\u001b[22m\n    \u001b[2m  \u001b[22m\n    \u001b[2m  @media (min-width:768px) {\u001b[22m\n    \u001b[2m    .c2 {\u001b[22m\n    \u001b[32m-     font-size: 42px;\u001b[39m\n    \u001b[31m+     font-size: 36px;\u001b[39m\n    \u001b[2m    }\u001b[22m\n    \u001b[2m  }\u001b[22m\n    \u001b[2m  \u001b[22m\n    \u001b[2m  @media (min-width:768px) {\u001b[22m\n    \u001b[2m    .c5 {\u001b[22m\n    \u001b[32m-     font-size: 42px;\u001b[39m\n    \u001b[31m+     font-size: 36px;\u001b[39m\n    \u001b[2m    }\u001b[22m\n    \u001b[2m  }\u001b[22m\n    \u001b[2m  \u001b[22m\n    \u001b[2m  @media (min-width:768px) {\u001b[22m\n    \u001b[2m    .c8 {\u001b[22m\n    \u001b[32m-     font-size: 42px;\u001b[39m\n    \u001b[31m+     font-size: 36px;\u001b[39m\n    \u001b[2m    }\u001b[22m\n    \u001b[2m  }\u001b[22m\n    \u001b[2m  \u001b[22m\n    \u001b[2m  @media (min-width:768px) {\u001b[22m\n    \u001b[2m    .c11 {\u001b[22m\n    \u001b[32m-     font-size: 42px;\u001b[39m\n    \u001b[31m+     font-size: 36px;\u001b[39m\n    \u001b[2m    }\u001b[22m\n    \u001b[2m  }\u001b[22m\n    \u001b[2m  \u001b[22m\n    \u001b[2m  @media (min-width:768px) {\u001b[22m\n    \u001b[2m    .c14 {\u001b[22m\n    \u001b[32m-     font-size: 42px;\u001b[39m\n    \u001b[31m+     font-size: 36px;\u001b[39m\n    \u001b[2m    }\u001b[22m\n    \u001b[2m  }\u001b[22m\n    \u001b[2m  \u001b[22m\n    \u001b[2m  <div>\u001b[22m\n    \u001b[2m    <div>\u001b[22m\n\u001b[2m\u001b[22m\n\u001b[2m    \u001b[0m \u001b[90m 21 | \u001b[39m    )\u001b[0m\u001b[22m\n\u001b[2m    \u001b[0m \u001b[90m 22 | \u001b[39m    \u001b[33m.\u001b[39mtoJSON()\u001b[33m;\u001b[39m\u001b[0m\u001b[22m\n\u001b[2m    \u001b[0m\u001b[31m\u001b[1m>\u001b[2m\u001b[39m\u001b[90m 23 | \u001b[39m  expect(tree)\u001b[33m.\u001b[39mtoMatchSnapshot()\u001b[33m;\u001b[39m\u001b[0m\u001b[22m\n\u001b[2m    \u001b[0m \u001b[90m    | \u001b[39m               \u001b[31m\u001b[1m^\u001b[2m\u001b[39m\u001b[0m\u001b[22m\n\u001b[2m    \u001b[0m \u001b[90m 24 | \u001b[39m})\u001b[33m;\u001b[39m\u001b[0m\u001b[22m\n\u001b[2m    \u001b[0m \u001b[90m 25 | \u001b[39m\u001b[0m\u001b[22m\n\u001b[2m\u001b[22m\n\u001b[2m      \u001b[2mat Object.toMatchSnapshot (\u001b[2m\u001b[0m\u001b[36msrc/components/Button/Button.test.js\u001b[39m\u001b[0m\u001b[2m:23:16)\u001b[2m\u001b[22m\n","name":"/Users/jonjandoc/Sites/persist/src/components/Button/Button.test.js","startTime":1571278157104,"status":"failed","summary":""},{"assertionResults":[{"ancestorTitles":[],"failureMessages":["Error: \u001b[2mexpect(\u001b[22m\u001b[31mreceived\u001b[39m\u001b[2m).\u001b[22mtoMatchSnapshot\u001b[2m()\u001b[22m\n\nSnapshot name: `renders correctly 1`\n\n\u001b[32m- Snapshot\u001b[39m\n\u001b[31m+ Received\u001b[39m\n\n\u001b[33m@@ -1,5 +1,16 @@\u001b[39m\n\u001b[31m+ .c3 {\u001b[39m\n\u001b[31m+   font-family: 'Ringside Compressed A','Ringside Compressed B','Helvetica',sans-serif;\u001b[39m\n\u001b[31m+   font-size: 42px;\u001b[39m\n\u001b[31m+   -webkit-letter-spacing: 0;\u001b[39m\n\u001b[31m+   -moz-letter-spacing: 0;\u001b[39m\n\u001b[31m+   -ms-letter-spacing: 0;\u001b[39m\n\u001b[31m+   letter-spacing: 0;\u001b[39m\n\u001b[31m+   line-height: 0.9;\u001b[39m\n\u001b[31m+   text-transform: uppercase;\u001b[39m\n\u001b[31m+ }\u001b[39m\n\u001b[31m+ \u001b[39m\n\u001b[2m  .c0 {\u001b[22m\n\u001b[2m    margin: auto;\u001b[22m\n\u001b[2m    max-width: 1150px;\u001b[22m\n\u001b[2m  }\u001b[22m\n\u001b[2m  \u001b[22m\n\u001b[33m@@ -8,32 +19,37 @@\u001b[39m\n\u001b[2m    color: #fff;\u001b[22m\n\u001b[2m    padding: 32px 32px;\u001b[22m\n\u001b[2m  }\u001b[22m\n\u001b[2m  \u001b[22m\n\u001b[2m  .c2 {\u001b[22m\n\u001b[32m-   font-family: 'Ringside Compressed A','Ringside Compressed B','Helvetica',sans-serif;\u001b[39m\n\u001b[32m-   font-size: 42px;\u001b[39m\n\u001b[32m-   font-weight: bold;\u001b[39m\n\u001b[32m-   line-height: 0.9;\u001b[39m\n\u001b[2m    margin: 0 0 24px;\u001b[22m\n\u001b[32m-   text-transform: uppercase;\u001b[39m\n\u001b[2m  }\u001b[22m\n\u001b[2m  \u001b[22m\n\u001b[32m- .c3 {\u001b[39m\n\u001b[31m+ .c4 {\u001b[39m\n\u001b[2m    font-size: 18px;\u001b[22m\n\u001b[2m    line-height: 1.4;\u001b[22m\n\u001b[2m  }\u001b[22m\n\u001b[2m  \u001b[22m\n\u001b[32m- .c4 {\u001b[39m\n\u001b[31m+ .c5 {\u001b[39m\n\u001b[2m    margin: -32px 32px 0;\u001b[22m\n\u001b[2m  }\u001b[22m\n\u001b[2m  \u001b[22m\n\u001b[32m- .c5 {\u001b[39m\n\u001b[31m+ .c6 {\u001b[39m\n\u001b[2m    max-width: 100%;\u001b[22m\n\u001b[2m    object-fit: cover;\u001b[22m\n\u001b[2m  }\u001b[22m\n\u001b[2m  \u001b[22m\n\u001b[31m+ @media (min-width:1024px) {\u001b[39m\n\u001b[31m+   .c3 {\u001b[39m\n\u001b[31m+     font-size: 72px;\u001b[39m\n\u001b[31m+     -webkit-letter-spacing: -0.38px;\u001b[39m\n\u001b[31m+     -moz-letter-spacing: -0.38px;\u001b[39m\n\u001b[31m+     -ms-letter-spacing: -0.38px;\u001b[39m\n\u001b[31m+     letter-spacing: -0.38px;\u001b[39m\n\u001b[31m+   }\u001b[39m\n\u001b[31m+ }\u001b[39m\n\u001b[31m+ \u001b[39m\n\u001b[2m  @media (min-width:768px) {\u001b[22m\n\u001b[2m    .c0 {\u001b[22m\n\u001b[2m      display: -webkit-box;\u001b[22m\n\u001b[2m      display: -webkit-flex;\u001b[22m\n\u001b[2m      display: -ms-flexbox;\u001b[22m\n\u001b[33m@@ -46,21 +62,15 @@\u001b[39m\n\u001b[2m  \u001b[22m\n\u001b[2m  @media (min-width:768px) {\u001b[22m\n\u001b[2m    .c1 {\u001b[22m\n\u001b[2m      padding: 32px;\u001b[22m\n\u001b[2m      width: 33.333%;\u001b[22m\n\u001b[32m-   }\u001b[39m\n\u001b[32m- }\u001b[39m\n\u001b[32m- \u001b[39m\n\u001b[32m- @media (min-width:1024px) {\u001b[39m\n\u001b[32m-   .c2 {\u001b[39m\n\u001b[32m-     font-size: 72px;\u001b[39m\n\u001b[2m    }\u001b[22m\n\u001b[2m  }\u001b[22m\n\u001b[2m  \u001b[22m\n\u001b[2m  @media (min-width:768px) {\u001b[22m\n\u001b[32m-   .c4 {\u001b[39m\n\u001b[31m+   .c5 {\u001b[39m\n\u001b[2m      display: -webkit-box;\u001b[22m\n\u001b[2m      display: -webkit-flex;\u001b[22m\n\u001b[2m      display: -ms-flexbox;\u001b[22m\n\u001b[2m      display: flex;\u001b[22m\n\u001b[2m      margin: 0;\u001b[22m\n\u001b[33m@@ -73,25 +83,26 @@\u001b[39m\n\u001b[2m  >\u001b[22m\n\u001b[2m    <div\u001b[22m\n\u001b[2m      className=\"c1\"\u001b[22m\n\u001b[2m    >\u001b[22m\n\u001b[2m      <h1\u001b[22m\n\u001b[32m-       className=\"c2\"\u001b[39m\n\u001b[31m+       className=\"c2 c3\"\u001b[39m\n\u001b[31m+       size=\"lg\"\u001b[39m\n\u001b[2m      >\u001b[22m\n\u001b[2m        Pledge to vote\u001b[22m\n\u001b[2m      </h1>\u001b[22m\n\u001b[2m      <p\u001b[22m\n\u001b[32m-       className=\"c3\"\u001b[39m\n\u001b[31m+       className=\"c4\"\u001b[39m\n\u001b[2m      >\u001b[22m\n\u001b[2m        We are happy to have you in this fight. Thank you for committing to vote for Elizabeth in the New Hampshire primary!\u001b[22m\n\u001b[2m      </p>\u001b[22m\n\u001b[2m    </div>\u001b[22m\n\u001b[2m    <div\u001b[22m\n\u001b[32m-     className=\"c4\"\u001b[39m\n\u001b[31m+     className=\"c5\"\u001b[39m\n\u001b[2m    >\u001b[22m\n\u001b[2m      <img\u001b[22m\n\u001b[2m        alt=\"\"\u001b[22m\n\u001b[32m-       className=\"c5\"\u001b[39m\n\u001b[31m+       className=\"c6\"\u001b[39m\n\u001b[2m        src=\"https://images.ctfassets.net/4ubxbgy9463z/3lPcBr8shu5sKGj0i2ZDRd/54437e08b70b346b42fbfbf2c1170dfd/new-hampshire.jpg?w=767\"\u001b[22m\n\u001b[2m      />\u001b[22m\n\u001b[2m    </div>\u001b[22m\n\u001b[2m  </div>\u001b[22m\n    at Object.toMatchSnapshot (/Users/jonjandoc/Sites/persist/src/components/HeroCard/HeroCard.test.js:14:16)\n    at Object.asyncJestTest (/Users/jonjandoc/Sites/persist/node_modules/jest-jasmine2/build/jasmineAsyncInstall.js:102:37)\n    at resolve (/Users/jonjandoc/Sites/persist/node_modules/jest-jasmine2/build/queueRunner.js:43:12)\n    at new Promise (<anonymous>)\n    at mapper (/Users/jonjandoc/Sites/persist/node_modules/jest-jasmine2/build/queueRunner.js:26:19)\n    at promise.then (/Users/jonjandoc/Sites/persist/node_modules/jest-jasmine2/build/queueRunner.js:73:41)\n    at process._tickCallback (internal/process/next_tick.js:68:7)"],"fullName":"renders correctly","location":null,"status":"failed","title":"renders correctly"}],"endTime":1571278160347,"message":"\u001b[1m\u001b[31m  \u001b[1m● \u001b[1mrenders correctly\u001b[39m\u001b[22m\n\n    \u001b[2mexpect(\u001b[22m\u001b[31mreceived\u001b[39m\u001b[2m).\u001b[22mtoMatchSnapshot\u001b[2m()\u001b[22m\n\n    Snapshot name: `renders correctly 1`\n\n    \u001b[32m- Snapshot\u001b[39m\n    \u001b[31m+ Received\u001b[39m\n\n    \u001b[33m@@ -1,5 +1,16 @@\u001b[39m\n    \u001b[31m+ .c3 {\u001b[39m\n    \u001b[31m+   font-family: 'Ringside Compressed A','Ringside Compressed B','Helvetica',sans-serif;\u001b[39m\n    \u001b[31m+   font-size: 42px;\u001b[39m\n    \u001b[31m+   -webkit-letter-spacing: 0;\u001b[39m\n    \u001b[31m+   -moz-letter-spacing: 0;\u001b[39m\n    \u001b[31m+   -ms-letter-spacing: 0;\u001b[39m\n    \u001b[31m+   letter-spacing: 0;\u001b[39m\n    \u001b[31m+   line-height: 0.9;\u001b[39m\n    \u001b[31m+   text-transform: uppercase;\u001b[39m\n    \u001b[31m+ }\u001b[39m\n    \u001b[31m+ \u001b[39m\n    \u001b[2m  .c0 {\u001b[22m\n    \u001b[2m    margin: auto;\u001b[22m\n    \u001b[2m    max-width: 1150px;\u001b[22m\n    \u001b[2m  }\u001b[22m\n    \u001b[2m  \u001b[22m\n    \u001b[33m@@ -8,32 +19,37 @@\u001b[39m\n    \u001b[2m    color: #fff;\u001b[22m\n    \u001b[2m    padding: 32px 32px;\u001b[22m\n    \u001b[2m  }\u001b[22m\n    \u001b[2m  \u001b[22m\n    \u001b[2m  .c2 {\u001b[22m\n    \u001b[32m-   font-family: 'Ringside Compressed A','Ringside Compressed B','Helvetica',sans-serif;\u001b[39m\n    \u001b[32m-   font-size: 42px;\u001b[39m\n    \u001b[32m-   font-weight: bold;\u001b[39m\n    \u001b[32m-   line-height: 0.9;\u001b[39m\n    \u001b[2m    margin: 0 0 24px;\u001b[22m\n    \u001b[32m-   text-transform: uppercase;\u001b[39m\n    \u001b[2m  }\u001b[22m\n    \u001b[2m  \u001b[22m\n    \u001b[32m- .c3 {\u001b[39m\n    \u001b[31m+ .c4 {\u001b[39m\n    \u001b[2m    font-size: 18px;\u001b[22m\n    \u001b[2m    line-height: 1.4;\u001b[22m\n    \u001b[2m  }\u001b[22m\n    \u001b[2m  \u001b[22m\n    \u001b[32m- .c4 {\u001b[39m\n    \u001b[31m+ .c5 {\u001b[39m\n    \u001b[2m    margin: -32px 32px 0;\u001b[22m\n    \u001b[2m  }\u001b[22m\n    \u001b[2m  \u001b[22m\n    \u001b[32m- .c5 {\u001b[39m\n    \u001b[31m+ .c6 {\u001b[39m\n    \u001b[2m    max-width: 100%;\u001b[22m\n    \u001b[2m    object-fit: cover;\u001b[22m\n    \u001b[2m  }\u001b[22m\n    \u001b[2m  \u001b[22m\n    \u001b[31m+ @media (min-width:1024px) {\u001b[39m\n    \u001b[31m+   .c3 {\u001b[39m\n    \u001b[31m+     font-size: 72px;\u001b[39m\n    \u001b[31m+     -webkit-letter-spacing: -0.38px;\u001b[39m\n    \u001b[31m+     -moz-letter-spacing: -0.38px;\u001b[39m\n    \u001b[31m+     -ms-letter-spacing: -0.38px;\u001b[39m\n    \u001b[31m+     letter-spacing: -0.38px;\u001b[39m\n    \u001b[31m+   }\u001b[39m\n    \u001b[31m+ }\u001b[39m\n    \u001b[31m+ \u001b[39m\n    \u001b[2m  @media (min-width:768px) {\u001b[22m\n    \u001b[2m    .c0 {\u001b[22m\n    \u001b[2m      display: -webkit-box;\u001b[22m\n    \u001b[2m      display: -webkit-flex;\u001b[22m\n    \u001b[2m      display: -ms-flexbox;\u001b[22m\n    \u001b[33m@@ -46,21 +62,15 @@\u001b[39m\n    \u001b[2m  \u001b[22m\n    \u001b[2m  @media (min-width:768px) {\u001b[22m\n    \u001b[2m    .c1 {\u001b[22m\n    \u001b[2m      padding: 32px;\u001b[22m\n    \u001b[2m      width: 33.333%;\u001b[22m\n    \u001b[32m-   }\u001b[39m\n    \u001b[32m- }\u001b[39m\n    \u001b[32m- \u001b[39m\n    \u001b[32m- @media (min-width:1024px) {\u001b[39m\n    \u001b[32m-   .c2 {\u001b[39m\n    \u001b[32m-     font-size: 72px;\u001b[39m\n    \u001b[2m    }\u001b[22m\n    \u001b[2m  }\u001b[22m\n    \u001b[2m  \u001b[22m\n    \u001b[2m  @media (min-width:768px) {\u001b[22m\n    \u001b[32m-   .c4 {\u001b[39m\n    \u001b[31m+   .c5 {\u001b[39m\n    \u001b[2m      display: -webkit-box;\u001b[22m\n    \u001b[2m      display: -webkit-flex;\u001b[22m\n    \u001b[2m      display: -ms-flexbox;\u001b[22m\n    \u001b[2m      display: flex;\u001b[22m\n    \u001b[2m      margin: 0;\u001b[22m\n    \u001b[33m@@ -73,25 +83,26 @@\u001b[39m\n    \u001b[2m  >\u001b[22m\n    \u001b[2m    <div\u001b[22m\n    \u001b[2m      className=\"c1\"\u001b[22m\n    \u001b[2m    >\u001b[22m\n    \u001b[2m      <h1\u001b[22m\n    \u001b[32m-       className=\"c2\"\u001b[39m\n    \u001b[31m+       className=\"c2 c3\"\u001b[39m\n    \u001b[31m+       size=\"lg\"\u001b[39m\n    \u001b[2m      >\u001b[22m\n    \u001b[2m        Pledge to vote\u001b[22m\n    \u001b[2m      </h1>\u001b[22m\n    \u001b[2m      <p\u001b[22m\n    \u001b[32m-       className=\"c3\"\u001b[39m\n    \u001b[31m+       className=\"c4\"\u001b[39m\n    \u001b[2m      >\u001b[22m\n    \u001b[2m        We are happy to have you in this fight. Thank you for committing to vote for Elizabeth in the New Hampshire primary!\u001b[22m\n    \u001b[2m      </p>\u001b[22m\n    \u001b[2m    </div>\u001b[22m\n    \u001b[2m    <div\u001b[22m\n    \u001b[32m-     className=\"c4\"\u001b[39m\n    \u001b[31m+     className=\"c5\"\u001b[39m\n    \u001b[2m    >\u001b[22m\n    \u001b[2m      <img\u001b[22m\n    \u001b[2m        alt=\"\"\u001b[22m\n    \u001b[32m-       className=\"c5\"\u001b[39m\n    \u001b[31m+       className=\"c6\"\u001b[39m\n    \u001b[2m        src=\"https://images.ctfassets.net/4ubxbgy9463z/3lPcBr8shu5sKGj0i2ZDRd/54437e08b70b346b42fbfbf2c1170dfd/new-hampshire.jpg?w=767\"\u001b[22m\n    \u001b[2m      />\u001b[22m\n    \u001b[2m    </div>\u001b[22m\n    \u001b[2m  </div>\u001b[22m\n\u001b[2m\u001b[22m\n\u001b[2m    \u001b[0m \u001b[90m 12 | \u001b[39m    \u001b[33m.\u001b[39mcreate(\u001b[33m<\u001b[39m\u001b[33mHeroCard\u001b[39m {\u001b[33m...\u001b[39mheroProps} \u001b[33m/\u001b[39m\u001b[33m>\u001b[39m)\u001b[0m\u001b[22m\n\u001b[2m    \u001b[0m \u001b[90m 13 | \u001b[39m    \u001b[33m.\u001b[39mtoJSON()\u001b[33m;\u001b[39m\u001b[0m\u001b[22m\n\u001b[2m    \u001b[0m\u001b[31m\u001b[1m>\u001b[2m\u001b[39m\u001b[90m 14 | \u001b[39m  expect(tree)\u001b[33m.\u001b[39mtoMatchSnapshot()\u001b[33m;\u001b[39m\u001b[0m\u001b[22m\n\u001b[2m    \u001b[0m \u001b[90m    | \u001b[39m               \u001b[31m\u001b[1m^\u001b[2m\u001b[39m\u001b[0m\u001b[22m\n\u001b[2m    \u001b[0m \u001b[90m 15 | \u001b[39m})\u001b[33m;\u001b[39m\u001b[0m\u001b[22m\n\u001b[2m    \u001b[0m \u001b[90m 16 | \u001b[39m\u001b[0m\u001b[22m\n\u001b[2m\u001b[22m\n\u001b[2m      \u001b[2mat Object.toMatchSnapshot (\u001b[2m\u001b[0m\u001b[36msrc/components/HeroCard/HeroCard.test.js\u001b[39m\u001b[0m\u001b[2m:14:16)\u001b[2m\u001b[22m\n","name":"/Users/jonjandoc/Sites/persist/src/components/HeroCard/HeroCard.test.js","startTime":1571278157177,"status":"failed","summary":""},{"assertionResults":[{"ancestorTitles":[],"failureMessages":[],"fullName":"renders correctly","location":null,"status":"passed","title":"renders correctly"}],"endTime":1571278161210,"message":"","name":"/Users/jonjandoc/Sites/persist/src/components/Headline/Headline.test.js","startTime":1571278157208,"status":"passed","summary":""}],"wasInterrupted":false}